270.6666666666667
17:56:32 - qubo_qaoa.utils.lr_qaoa - INFO - p = 1. Circuit depth: 19
Circuit 2Q depth: 14, ops: OrderedDict([('ry', 252), ('rz', 168), ('rzz', 139), ('measure', 84), ('barrier', 1)])
[73.33333333 88.         96.         96.         97.33333333] [449.33333333 454.66666667 476.         516.         592.        ]
[37.33333333 38.66666667 40.         40.         42.66666667] [224.         225.33333333 232.         236.         254.66666667]
[25.33333333 29.33333333 30.66666667 30.66666667 30.66666667] [192.         194.66666667 206.66666667 210.66666667 234.66666667]
[21.33333333 24.         24.         25.33333333 26.66666667] [197.33333333 197.33333333 198.66666667 206.66666667 224.        ]
[17.33333333 18.66666667 18.66666667 20.         24.        ] [190.66666667 196.         196.         217.33333333 220.        ]
17:56:55 - __main__ - INFO - delta_b:0.1, delta_g:0.1, p:1, energy:79.84
Circuit 2Q depth: 14, ops: OrderedDict([('ry', 252), ('rz', 168), ('rzz', 139), ('measure', 84), ('barrier', 1)])
[40.         56.         61.33333333 62.66666667 62.66666667] [410.66666667 416.         420.         433.33333333 469.33333333]
[24.         24.         24.         25.33333333 25.33333333] [186.66666667 194.66666667 198.66666667 210.66666667 218.66666667]
[18.66666667 20.         21.33333333 21.33333333 21.33333333] [185.33333333 186.66666667 188.         190.66666667 198.66666667]
[16.         16.         16.         16.         17.33333333] [185.33333333 189.33333333 189.33333333 192.         192.        ]
[13.33333333 16.         16.         17.33333333 17.33333333] [189.33333333 190.66666667 190.66666667 209.33333333 242.66666667]
17:57:19 - __main__ - INFO - delta_b:0.2, delta_g:0.2, p:1, energy:72.03
Circuit 2Q depth: 14, ops: OrderedDict([('ry', 252), ('rz', 168), ('rzz', 139), ('measure', 84), ('barrier', 1)])
[52.         58.66666667 58.66666667 68.         70.66666667] [457.33333333 461.33333333 462.66666667 473.33333333 482.66666667]
[22.66666667 22.66666667 24.         26.66666667 26.66666667] [210.66666667 214.66666667 226.66666667 236.         238.66666667]
[14.66666667 18.66666667 18.66666667 18.66666667 18.66666667] [186.66666667 190.66666667 190.66666667 205.33333333 206.66666667]
[10.66666667 12.         14.66666667 14.66666667 14.66666667] [202.66666667 210.66666667 222.66666667 224.         232.        ]
[ 9.33333333  9.33333333 10.66666667 12.         12.        ] [222.66666667 225.33333333 254.66666667 261.33333333 294.66666667]
17:57:41 - __main__ - INFO - delta_b:0.3, delta_g:0.3, p:1, energy:77.1
Circuit 2Q depth: 14, ops: OrderedDict([('ry', 252), ('rz', 168), ('rzz', 139), ('measure', 84), ('barrier', 1)])
[74.66666667 77.33333333 82.66666667 89.33333333 89.33333333] [489.33333333 498.66666667 520.         520.         529.33333333]
[21.33333333 25.33333333 28.         29.33333333 32.        ] [252.         269.33333333 273.33333333 300.         358.66666667]
[14.66666667 16.         16.         16.         17.33333333] [182.66666667 184.         185.33333333 190.66666667 196.        ]
[10.66666667 13.33333333 14.66666667 14.66666667 14.66666667] [188.         190.66666667 200.         213.33333333 220.        ]
[ 8.          9.33333333  9.33333333 10.66666667 12.        ] [221.33333333 237.33333333 242.66666667 242.66666667 244.        ]
17:58:05 - __main__ - INFO - delta_b:0.4, delta_g:0.4, p:1, energy:85.68
Circuit 2Q depth: 14, ops: OrderedDict([('ry', 252), ('rz', 168), ('rzz', 139), ('measure', 84), ('barrier', 1)])
[ 84.          88.         102.66666667 102.66666667 105.33333333] [488.         496.         517.33333333 537.33333333 546.66666667]
[28.         29.33333333 36.         36.         38.66666667] [228.         229.33333333 233.33333333 245.33333333 248.        ]
[18.66666667 18.66666667 20.         21.33333333 21.33333333] [189.33333333 194.66666667 194.66666667 197.33333333 198.66666667]
[14.66666667 17.33333333 17.33333333 17.33333333 17.33333333] [205.33333333 205.33333333 218.66666667 220.         238.66666667]
[13.33333333 14.66666667 14.66666667 16.         16.        ] [204.         205.33333333 214.66666667 232.         234.66666667]
17:58:29 - __main__ - INFO - delta_b:0.5, delta_g:0.5, p:1, energy:77.17
Circuit 2Q depth: 14, ops: OrderedDict([('ry', 252), ('rz', 168), ('rzz', 139), ('measure', 84), ('barrier', 1)])
[101.33333333 109.33333333 114.66666667 117.33333333 124.        ] [520.         522.66666667 522.66666667 546.66666667 641.33333333]
[45.33333333 53.33333333 57.33333333 58.66666667 58.66666667] [281.33333333 281.33333333 294.66666667 302.66666667 329.33333333]
[22.66666667 26.66666667 26.66666667 26.66666667 28.        ] [209.33333333 214.66666667 216.         218.66666667 225.33333333]
[16.         16.         22.66666667 22.66666667 24.        ] [233.33333333 237.33333333 242.66666667 249.33333333 257.33333333]
[17.33333333 18.66666667 18.66666667 18.66666667 22.66666667] [241.33333333 244.         244.         245.33333333 253.33333333]
17:58:53 - __main__ - INFO - delta_b:0.6, delta_g:0.6, p:1, energy:104.54
Circuit 2Q depth: 14, ops: OrderedDict([('ry', 252), ('rz', 168), ('rzz', 139), ('measure', 84), ('barrier', 1)])
[108.         112.         112.         114.66666667 116.        ] [508.         520.         521.33333333 521.33333333 540.        ]
[56.         57.33333333 58.66666667 58.66666667 61.33333333] [284. 288. 292. 296. 304.]
[29.33333333 37.33333333 38.66666667 40.         40.        ] [245.33333333 252.         252.         258.66666667 258.66666667]
[22.66666667 24.         25.33333333 25.33333333 25.33333333] [200.         201.33333333 210.66666667 214.66666667 216.        ]
[14.66666667 14.66666667 20.         21.33333333 21.33333333] [216.         218.66666667 225.33333333 226.66666667 229.33333333]
17:59:17 - __main__ - INFO - delta_b:0.7, delta_g:0.7, p:1, energy:99.24
Circuit 2Q depth: 14, ops: OrderedDict([('ry', 252), ('rz', 168), ('rzz', 139), ('measure', 84), ('barrier', 1)])
[ 72.          97.33333333  97.33333333  98.66666667 102.66666667] [497.33333333 512.         516.         520.         525.33333333]
[44.         44.         46.66666667 49.33333333 49.33333333] [296.         304.         316.         318.66666667 328.        ]
[18.66666667 20.         25.33333333 25.33333333 30.66666667] [272.         281.33333333 289.33333333 289.33333333 340.        ]
[25.33333333 25.33333333 26.66666667 26.66666667 29.33333333] [246.66666667 253.33333333 254.66666667 262.66666667 316.        ]
[16.         21.33333333 22.66666667 24.         24.        ] [245.33333333 266.66666667 272.         276.         284.        ]
17:59:41 - __main__ - INFO - delta_b:0.8, delta_g:0.8, p:1, energy:111.5
Circuit 2Q depth: 14, ops: OrderedDict([('ry', 252), ('rz', 168), ('rzz', 139), ('measure', 84), ('barrier', 1)])
[61.33333333 65.33333333 66.66666667 80.         85.33333333] [494.66666667 496.         496.         501.33333333 538.66666667]
[30.66666667 34.66666667 36.         41.33333333 41.33333333] [254.66666667 256.         257.33333333 257.33333333 270.66666667]
[14.66666667 21.33333333 22.66666667 26.66666667 28.        ] [232.         236.         240.         249.33333333 253.33333333]
[14.66666667 16.         18.66666667 21.33333333 21.33333333] [256.         257.33333333 262.66666667 298.66666667 300.        ]
[17.33333333 21.33333333 22.66666667 25.33333333 26.66666667] [266.66666667 268.         273.33333333 288.         301.33333333]
18:00:05 - __main__ - INFO - delta_b:0.9, delta_g:0.9, p:1, energy:111.89
Circuit 2Q depth: 14, ops: OrderedDict([('ry', 252), ('rz', 168), ('rzz', 139), ('measure', 84), ('barrier', 1)])
[46.66666667 53.33333333 62.66666667 69.33333333 72.        ] [428.         429.33333333 432.         433.33333333 445.33333333]
[38.66666667 38.66666667 41.33333333 41.33333333 45.33333333] [274.66666667 274.66666667 286.66666667 286.66666667 338.66666667]
[26.66666667 28.         30.66666667 34.66666667 34.66666667] [277.33333333 282.66666667 284.         297.33333333 342.66666667]
[29.33333333 32.         32.         33.33333333 34.66666667] [254.66666667 256.         257.33333333 262.66666667 293.33333333]
[21.33333333 24.         24.         25.33333333 29.33333333] [281.33333333 289.33333333 289.33333333 298.66666667 345.33333333]
18:00:29 - __main__ - INFO - delta_b:1.0, delta_g:1.0, p:1, energy:128.55
18:00:29 - qubo_qaoa.utils.lr_qaoa - INFO - p = 3. Circuit depth: 46
Circuit 2Q depth: 33, ops: OrderedDict([('ry', 588), ('rz', 504), ('rzz', 417), ('measure', 84), ('barrier', 1)])
[66.66666667 72.         72.         72.         72.        ] [404.         405.33333333 408.         429.33333333 438.66666667]
[32.         34.66666667 36.         37.33333333 40.        ] [225.33333333 226.66666667 236.         237.33333333 240.        ]
[17.33333333 20.         20.         21.33333333 22.66666667] [169.33333333 173.33333333 173.33333333 181.33333333 206.66666667]
[14.66666667 14.66666667 16.         16.         17.33333333] [178.66666667 181.33333333 184.         197.33333333 206.66666667]
[12.         14.66666667 16.         17.33333333 17.33333333] [197.33333333 197.33333333 197.33333333 205.33333333 237.33333333]
18:02:16 - __main__ - INFO - delta_b:0.1, delta_g:0.1, p:3, energy:75.11
Circuit 2Q depth: 33, ops: OrderedDict([('ry', 588), ('rz', 504), ('rzz', 417), ('measure', 84), ('barrier', 1)])
[28.         33.33333333 34.66666667 36.         37.33333333] [241.33333333 244.         245.33333333 250.66666667 253.33333333]
[14.66666667 16.         17.33333333 17.33333333 17.33333333] [128.         129.33333333 130.66666667 138.66666667 146.66666667]
[10.66666667 13.33333333 13.33333333 13.33333333 13.33333333] [105.33333333 105.33333333 120.         128.         132.        ]
[ 9.33333333  9.33333333 10.66666667 10.66666667 10.66666667] [124.         125.33333333 125.33333333 126.66666667 128.        ]
[6.66666667 8.         9.33333333 9.33333333 9.33333333] [114.66666667 114.66666667 116.         132.         144.        ]
18:04:03 - __main__ - INFO - delta_b:0.2, delta_g:0.2, p:3, energy:42.28
Circuit 2Q depth: 33, ops: OrderedDict([('ry', 588), ('rz', 504), ('rzz', 417), ('measure', 84), ('barrier', 1)])
[21.33333333 26.66666667 26.66666667 26.66666667 28.        ] [128.         128.         130.66666667 133.33333333 145.33333333]
[13.33333333 14.66666667 14.66666667 14.66666667 14.66666667] [ 92.          92.          93.33333333  97.33333333 100.        ]
[12.         12.         12.         13.33333333 13.33333333] [90.66666667 92.         94.66666667 96.         96.        ]
[ 9.33333333 10.66666667 10.66666667 10.66666667 10.66666667] [ 93.33333333  93.33333333  98.66666667 106.66666667 124.        ]
[8. 8. 8. 8. 8.] [ 92.          93.33333333  93.33333333  96.         104.        ]
18:05:51 - __main__ - INFO - delta_b:0.3, delta_g:0.3, p:3, energy:31.1
Circuit 2Q depth: 33, ops: OrderedDict([('ry', 588), ('rz', 504), ('rzz', 417), ('measure', 84), ('barrier', 1)])
[25.33333333 28.         28.         28.         29.33333333] [ 97.33333333  98.66666667 108.         112.         120.        ]
[16.         16.         17.33333333 17.33333333 17.33333333] [65.33333333 66.66666667 70.66666667 73.33333333 74.66666667]
[ 9.33333333 13.33333333 13.33333333 13.33333333 13.33333333] [70.66666667 74.66666667 74.66666667 80.         90.66666667]
[9.33333333 9.33333333 9.33333333 9.33333333 9.33333333] [78.66666667 80.         80.         81.33333333 86.66666667]
[6.66666667 6.66666667 8.         8.         8.        ] [76.         82.66666667 82.66666667 88.         88.        ]
18:07:39 - __main__ - INFO - delta_b:0.4, delta_g:0.4, p:3, energy:26.09
Circuit 2Q depth: 33, ops: OrderedDict([('ry', 588), ('rz', 504), ('rzz', 417), ('measure', 84), ('barrier', 1)])
[25.33333333 25.33333333 26.66666667 26.66666667 26.66666667] [ 94.66666667  94.66666667  97.33333333  97.33333333 101.33333333]
[18.66666667 18.66666667 18.66666667 20.         20.        ] [64.         65.33333333 72.         72.         73.33333333]
[ 8.         13.33333333 13.33333333 13.33333333 13.33333333] [65.33333333 68.         68.         69.33333333 74.66666667]
[6.66666667 6.66666667 8.         8.         8.        ] [ 77.33333333  78.66666667  82.66666667  85.33333333 117.33333333]
[5.33333333 5.33333333 5.33333333 5.33333333 5.33333333] [86.66666667 88.         92.         93.33333333 93.33333333]
18:09:26 - __main__ - INFO - delta_b:0.5, delta_g:0.5, p:3, energy:27.23
Circuit 2Q depth: 33, ops: OrderedDict([('ry', 588), ('rz', 504), ('rzz', 417), ('measure', 84), ('barrier', 1)])
[21.33333333 21.33333333 22.66666667 22.66666667 24.        ] [108.         108.         108.         112.         113.33333333]
[10.66666667 12.         13.33333333 14.66666667 14.66666667] [74.66666667 74.66666667 77.33333333 85.33333333 86.66666667]
[6.66666667 6.66666667 6.66666667 8.         8.        ] [ 92.          96.          97.33333333  98.66666667 101.33333333]
[4.         5.33333333 5.33333333 5.33333333 5.33333333] [117.33333333 121.33333333 122.66666667 126.66666667 129.33333333]
[2.66666667 4.         4.         4.         4.        ] [126.66666667 129.33333333 133.33333333 140.         145.33333333]
18:11:14 - __main__ - INFO - delta_b:0.6, delta_g:0.6, p:3, energy:40.04
Circuit 2Q depth: 33, ops: OrderedDict([('ry', 588), ('rz', 504), ('rzz', 417), ('measure', 84), ('barrier', 1)])
[18.66666667 18.66666667 20.         20.         20.        ] [142.66666667 148.         149.33333333 150.66666667 168.        ]
[10.66666667 12.         12.         12.         13.33333333] [ 80.          82.66666667  84.          86.66666667 101.33333333]
[8.         8.         9.33333333 9.33333333 9.33333333] [ 98.66666667 100.         104.         105.33333333 110.66666667]
[5.33333333 5.33333333 6.66666667 6.66666667 6.66666667] [121.33333333 122.66666667 126.66666667 126.66666667 129.33333333]
[4.         4.         4.         4.         5.33333333] [148.         149.33333333 153.33333333 162.66666667 164.        ]
18:13:03 - __main__ - INFO - delta_b:0.7, delta_g:0.7, p:3, energy:46.9
Circuit 2Q depth: 33, ops: OrderedDict([('ry', 588), ('rz', 504), ('rzz', 417), ('measure', 84), ('barrier', 1)])
[20.         22.66666667 22.66666667 22.66666667 22.66666667] [188.         194.66666667 201.33333333 204.         208.        ]
[12.         12.         13.33333333 13.33333333 13.33333333] [126.66666667 133.33333333 133.33333333 136.         154.66666667]
[ 9.33333333  9.33333333 10.66666667 10.66666667 10.66666667] [150.66666667 152.         161.33333333 164.         168.        ]
[6.66666667 8.         9.33333333 9.33333333 9.33333333] [186.66666667 188.         196.         197.33333333 234.66666667]
[8.         8.         8.         8.         9.33333333] [188.         194.66666667 197.33333333 200.         214.66666667]
18:14:51 - __main__ - INFO - delta_b:0.8, delta_g:0.8, p:3, energy:85.02
Circuit 2Q depth: 33, ops: OrderedDict([('ry', 588), ('rz', 504), ('rzz', 417), ('measure', 84), ('barrier', 1)])
[30.66666667 30.66666667 32.         34.66666667 36.        ] [264.         274.66666667 277.33333333 278.66666667 284.        ]
[16.         18.66666667 22.66666667 22.66666667 22.66666667] [222.66666667 225.33333333 232.         241.33333333 273.33333333]
[14.66666667 21.33333333 21.33333333 24.         25.33333333] [265.33333333 269.33333333 270.66666667 273.33333333 276.        ]
[13.33333333 22.66666667 29.33333333 32.         32.        ] [270.66666667 277.33333333 288.         290.66666667 308.        ]
[21.33333333 22.66666667 28.         34.66666667 36.        ] [272.         272.         278.66666667 294.66666667 294.66666667]
18:16:39 - __main__ - INFO - delta_b:0.9, delta_g:0.9, p:3, energy:129.91
Circuit 2Q depth: 33, ops: OrderedDict([('ry', 588), ('rz', 504), ('rzz', 417), ('measure', 84), ('barrier', 1)])
[38.66666667 41.33333333 54.66666667 54.66666667 57.33333333] [393.33333333 404.         410.66666667 413.33333333 454.66666667]
[41.33333333 48.         54.66666667 60.         60.        ] [325.33333333 325.33333333 326.66666667 326.66666667 328.        ]
[53.33333333 61.33333333 66.66666667 69.33333333 72.        ] [353.33333333 354.66666667 360.         368.         372.        ]
[32.         41.33333333 45.33333333 46.66666667 48.        ] [318.66666667 326.66666667 328.         332.         336.        ]
[65.33333333 74.66666667 77.33333333 78.66666667 78.66666667] [374.66666667 382.66666667 385.33333333 385.33333333 429.33333333]
18:18:27 - __main__ - INFO - delta_b:1.0, delta_g:1.0, p:3, energy:210.57
18:18:27 - qubo_qaoa.utils.lr_qaoa - INFO - p = 5. Circuit depth: 72
Circuit 2Q depth: 51, ops: OrderedDict([('ry', 924), ('rz', 840), ('rzz', 695), ('measure', 84), ('barrier', 1)])
[53.33333333 53.33333333 54.66666667 57.33333333 57.33333333] [294.66666667 298.66666667 322.66666667 337.33333333 361.33333333]
[20.         22.66666667 24.         24.         24.        ] [150.66666667 154.66666667 156.         158.66666667 160.        ]
[16.         16.         16.         17.33333333 17.33333333] [133.33333333 134.66666667 141.33333333 144.         146.66666667]
[10.66666667 12.         13.33333333 13.33333333 14.66666667] [144.         150.66666667 162.66666667 169.33333333 172.        ]
[ 9.33333333  9.33333333  9.33333333  9.33333333 10.66666667] [153.33333333 157.33333333 157.33333333 164.         192.        ]
18:21:34 - __main__ - INFO - delta_b:0.1, delta_g:0.1, p:5, energy:56.8
Circuit 2Q depth: 51, ops: OrderedDict([('ry', 924), ('rz', 840), ('rzz', 695), ('measure', 84), ('barrier', 1)])
[22.66666667 25.33333333 25.33333333 25.33333333 26.66666667] [116.         118.66666667 118.66666667 121.33333333 124.        ]
[17.33333333 17.33333333 17.33333333 17.33333333 18.66666667] [64.         64.         65.33333333 66.66666667 72.        ]
[14.66666667 16.         16.         16.         16.        ] [72.         73.33333333 81.33333333 84.         85.33333333]
[12.         12.         12.         12.         13.33333333] [ 81.33333333  84.          86.66666667 101.33333333 101.33333333]
[ 9.33333333  9.33333333 10.66666667 10.66666667 10.66666667] [80.         81.33333333 81.33333333 86.66666667 86.66666667]
18:24:41 - __main__ - INFO - delta_b:0.2, delta_g:0.2, p:5, energy:29.35
Circuit 2Q depth: 51, ops: OrderedDict([('ry', 924), ('rz', 840), ('rzz', 695), ('measure', 84), ('barrier', 1)])
[26.66666667 28.         28.         28.         29.33333333] [ 78.66666667  81.33333333  88.          89.33333333 104.        ]
[17.33333333 18.66666667 18.66666667 18.66666667 18.66666667] [53.33333333 54.66666667 57.33333333 57.33333333 58.66666667]
[14.66666667 14.66666667 14.66666667 14.66666667 14.66666667] [57.33333333 57.33333333 60.         61.33333333 62.66666667]
[ 9.33333333  9.33333333 10.66666667 10.66666667 10.66666667] [54.66666667 56.         56.         57.33333333 66.66666667]
[6.66666667 6.66666667 8.         8.         8.        ] [61.33333333 62.66666667 66.66666667 68.         72.        ]
18:27:50 - __main__ - INFO - delta_b:0.3, delta_g:0.3, p:5, energy:21.58
Circuit 2Q depth: 51, ops: OrderedDict([('ry', 924), ('rz', 840), ('rzz', 695), ('measure', 84), ('barrier', 1)])
[24. 24. 24. 24. 24.] [ 76.          77.33333333  80.          86.66666667 104.        ]
[13.33333333 14.66666667 14.66666667 16.         16.        ] [56.         56.         57.33333333 57.33333333 69.33333333]
[6.66666667 9.33333333 9.33333333 9.33333333 9.33333333] [61.33333333 64.         64.         69.33333333 70.66666667]
[5.33333333 5.33333333 5.33333333 5.33333333 5.33333333] [84.         86.66666667 88.         89.33333333 90.66666667]
[4. 4. 4. 4. 4.] [89.33333333 89.33333333 89.33333333 90.66666667 94.66666667]
18:30:59 - __main__ - INFO - delta_b:0.4, delta_g:0.4, p:5, energy:24.05
Circuit 2Q depth: 51, ops: OrderedDict([('ry', 924), ('rz', 840), ('rzz', 695), ('measure', 84), ('barrier', 1)])
[16.         17.33333333 18.66666667 18.66666667 18.66666667] [82.66666667 84.         84.         85.33333333 92.        ]
[ 9.33333333  9.33333333 12.         12.         12.        ] [64.         64.         66.66666667 66.66666667 68.        ]
[4.         5.33333333 6.66666667 6.66666667 8.        ] [74.66666667 76.         80.         82.66666667 84.        ]
[4.         5.33333333 5.33333333 5.33333333 5.33333333] [84.         85.33333333 85.33333333 86.66666667 88.        ]
[2.66666667 2.66666667 2.66666667 2.66666667 4.        ] [ 93.33333333  97.33333333  97.33333333 102.66666667 108.        ]
18:34:08 - __main__ - INFO - delta_b:0.5, delta_g:0.5, p:5, energy:25.2
Circuit 2Q depth: 51, ops: OrderedDict([('ry', 924), ('rz', 840), ('rzz', 695), ('measure', 84), ('barrier', 1)])
[13.33333333 13.33333333 13.33333333 14.66666667 14.66666667] [85.33333333 89.33333333 92.         92.         93.33333333]
[5.33333333 5.33333333 5.33333333 6.66666667 6.66666667] [ 81.33333333  84.          85.33333333  86.66666667 120.        ]
[2.66666667 2.66666667 2.66666667 2.66666667 2.66666667] [109.33333333 120.         125.33333333 130.66666667 134.66666667]
[2.66666667 2.66666667 2.66666667 2.66666667 2.66666667] [133.33333333 134.66666667 137.33333333 140.         169.33333333]
[2.66666667 2.66666667 2.66666667 2.66666667 2.66666667] [146.66666667 158.66666667 161.33333333 162.66666667 165.33333333]
18:37:18 - __main__ - INFO - delta_b:0.6, delta_g:0.6, p:5, energy:52.58
Circuit 2Q depth: 51, ops: OrderedDict([('ry', 924), ('rz', 840), ('rzz', 695), ('measure', 84), ('barrier', 1)])
[ 8.          9.33333333  9.33333333 10.66666667 10.66666667] [ 94.66666667  97.33333333 102.66666667 112.         148.        ]
[2.66666667 2.66666667 2.66666667 4.         4.        ] [106.66666667 109.33333333 118.66666667 125.33333333 134.66666667]
[2.66666667 2.66666667 2.66666667 2.66666667 2.66666667] [174.66666667 184.         184.         185.33333333 188.        ]
[2.66666667 2.66666667 2.66666667 2.66666667 2.66666667] [189.33333333 192.         196.         197.33333333 200.        ]
[2.66666667 2.66666667 2.66666667 2.66666667 2.66666667] [213.33333333 213.33333333 217.33333333 217.33333333 220.        ]
18:40:27 - __main__ - INFO - delta_b:0.7, delta_g:0.7, p:5, energy:82.63
Circuit 2Q depth: 51, ops: OrderedDict([('ry', 924), ('rz', 840), ('rzz', 695), ('measure', 84), ('barrier', 1)])
[8.         8.         9.33333333 9.33333333 9.33333333] [118.66666667 118.66666667 118.66666667 120.         125.33333333]
[2.66666667 2.66666667 2.66666667 2.66666667 4.        ] [141.33333333 141.33333333 148.         154.66666667 168.        ]
[2.66666667 2.66666667 2.66666667 4.         4.        ] [182.66666667 182.66666667 190.66666667 197.33333333 210.66666667]
[2.66666667 2.66666667 2.66666667 2.66666667 2.66666667] [190.66666667 196.         205.33333333 206.66666667 228.        ]
[2.66666667 2.66666667 2.66666667 2.66666667 2.66666667] [218.66666667 226.66666667 233.33333333 240.         242.66666667]
18:43:36 - __main__ - INFO - delta_b:0.8, delta_g:0.8, p:5, energy:85.44
Circuit 2Q depth: 51, ops: OrderedDict([('ry', 924), ('rz', 840), ('rzz', 695), ('measure', 84), ('barrier', 1)])
[10.66666667 12.         12.         13.33333333 13.33333333] [116.         116.         122.66666667 134.66666667 136.        ]
[1.33333333 2.66666667 2.66666667 2.66666667 2.66666667] [136.         138.66666667 141.33333333 142.66666667 150.66666667]
[2.66666667 2.66666667 4.         4.         4.        ] [214.66666667 218.66666667 221.33333333 228.         250.66666667]
[2.66666667 2.66666667 4.         4.         5.33333333] [257.33333333 258.66666667 264.         265.33333333 274.66666667]
[ 2.66666667  4.          6.66666667 10.66666667 10.66666667] [272.         273.33333333 280.         300.         304.        ]
18:46:48 - __main__ - INFO - delta_b:0.9, delta_g:0.9, p:5, energy:112.88
Circuit 2Q depth: 51, ops: OrderedDict([('ry', 924), ('rz', 840), ('rzz', 695), ('measure', 84), ('barrier', 1)])
[49.33333333 52.         54.66666667 56.         57.33333333] [334.66666667 336.         337.33333333 340.         352.        ]
[30.66666667 32.         34.66666667 36.         40.        ] [325.33333333 325.33333333 326.66666667 328.         342.66666667]
[42.66666667 44.         57.33333333 58.66666667 61.33333333] [316.         320.         321.33333333 346.66666667 352.        ]
[52.         66.66666667 68.         68.         72.        ] [360.         360.         362.66666667 362.66666667 372.        ]
[49.33333333 49.33333333 57.33333333 65.33333333 70.66666667] [372.         374.66666667 382.66666667 384.         386.66666667]
18:49:58 - __main__ - INFO - delta_b:1.0, delta_g:1.0, p:5, energy:201.05
