242.0
17:54:37 - qubo_qaoa.utils.lr_qaoa - INFO - p = 1. Circuit depth: 19
Circuit 2Q depth: 14, ops: OrderedDict([('ry', 192), ('rz', 128), ('rzz', 125), ('measure', 64), ('barrier', 1)])
[43.33333333 51.33333333 58.         63.33333333 66.        ] [430.         436.66666667 439.33333333 443.33333333 494.        ]
[11.33333333 20.66666667 22.         24.66666667 24.66666667] [219.33333333 222.         223.33333333 228.66666667 234.        ]
[12.66666667 12.66666667 12.66666667 12.66666667 12.66666667] [200.66666667 202.         203.33333333 215.33333333 219.33333333]
[10.         12.66666667 14.         14.         14.        ] [196.66666667 204.66666667 212.66666667 224.66666667 227.33333333]
[10.         10.         10.         11.33333333 11.33333333] [194.         194.         196.66666667 199.33333333 204.66666667]
17:54:44 - __main__ - INFO - delta_b:0.1, delta_g:0.1, p:1, energy:73.14
Circuit 2Q depth: 14, ops: OrderedDict([('ry', 192), ('rz', 128), ('rzz', 125), ('measure', 64), ('barrier', 1)])
[42.         50.         51.33333333 51.33333333 52.66666667] [458.         491.33333333 502.         512.66666667 523.33333333]
[15.33333333 16.66666667 16.66666667 18.         19.33333333] [211.33333333 211.33333333 219.33333333 223.33333333 223.33333333]
[ 7.33333333  7.33333333  8.66666667  8.66666667 10.        ] [199.33333333 206.         211.33333333 240.66666667 262.        ]
[7.33333333 7.33333333 7.33333333 7.33333333 8.66666667] [186.         187.33333333 187.33333333 215.33333333 240.66666667]
[4.66666667 6.         6.         6.         6.        ] [196.66666667 199.33333333 208.66666667 208.66666667 230.        ]
17:54:52 - __main__ - INFO - delta_b:0.2, delta_g:0.2, p:1, energy:60.22
Circuit 2Q depth: 14, ops: OrderedDict([('ry', 192), ('rz', 128), ('rzz', 125), ('measure', 64), ('barrier', 1)])
[36.66666667 36.66666667 39.33333333 48.66666667 52.66666667] [475.33333333 476.66666667 500.66666667 500.66666667 551.33333333]
[11.33333333 15.33333333 15.33333333 15.33333333 15.33333333] [203.33333333 204.66666667 212.66666667 224.66666667 227.33333333]
[11.33333333 11.33333333 12.66666667 12.66666667 12.66666667] [176.66666667 176.66666667 184.66666667 186.         206.        ]
[10.         11.33333333 11.33333333 12.66666667 12.66666667] [191.33333333 194.         200.66666667 223.33333333 230.        ]
[ 7.33333333 10.         10.         10.         10.        ] [220.66666667 222.         230.         230.         231.33333333]
17:55:00 - __main__ - INFO - delta_b:0.3, delta_g:0.3, p:1, energy:61.41
Circuit 2Q depth: 14, ops: OrderedDict([('ry', 192), ('rz', 128), ('rzz', 125), ('measure', 64), ('barrier', 1)])
[59.33333333 62.         64.66666667 72.66666667 72.66666667] [480.66666667 490.         498.         510.         532.66666667]
[18.         19.33333333 20.66666667 20.66666667 22.        ] [243.33333333 243.33333333 243.33333333 247.33333333 250.        ]
[10.         10.         11.33333333 11.33333333 12.66666667] [194.         199.33333333 206.         210.         216.66666667]
[ 6.          8.66666667  8.66666667 10.         10.        ] [188.66666667 195.33333333 204.66666667 219.33333333 234.        ]
[4.66666667 6.         6.         6.         7.33333333] [210.         211.33333333 211.33333333 214.         234.        ]
17:55:07 - __main__ - INFO - delta_b:0.4, delta_g:0.4, p:1, energy:67.46
Circuit 2Q depth: 14, ops: OrderedDict([('ry', 192), ('rz', 128), ('rzz', 125), ('measure', 64), ('barrier', 1)])
[66.         67.33333333 71.33333333 74.         78.        ] [491.33333333 491.33333333 519.33333333 522.         524.66666667]
[27.33333333 27.33333333 30.         30.         30.        ] [235.33333333 247.33333333 258.         258.         263.33333333]
[14.         14.         15.33333333 16.66666667 16.66666667] [202.         202.         207.33333333 210.         223.33333333]
[12.66666667 12.66666667 12.66666667 12.66666667 14.        ] [196.66666667 208.66666667 211.33333333 212.66666667 218.        ]
[ 7.33333333  8.66666667 10.         11.33333333 12.66666667] [192.66666667 202.         206.         207.33333333 220.66666667]
17:55:15 - __main__ - INFO - delta_b:0.5, delta_g:0.5, p:1, energy:69.22
Circuit 2Q depth: 14, ops: OrderedDict([('ry', 192), ('rz', 128), ('rzz', 125), ('measure', 64), ('barrier', 1)])
[67.33333333 71.33333333 71.33333333 75.33333333 79.33333333] [480.66666667 486.         487.33333333 488.66666667 490.        ]
[24.66666667 27.33333333 30.         31.33333333 32.66666667] [250.         256.66666667 286.         287.33333333 296.66666667]
[12.66666667 14.         14.         15.33333333 15.33333333] [210.         215.33333333 218.         227.33333333 243.33333333]
[ 8.66666667  8.66666667  8.66666667 12.66666667 12.66666667] [194.         195.33333333 196.66666667 202.         208.66666667]
[ 7.33333333  7.33333333 10.         10.         10.        ] [218.         218.         220.66666667 227.33333333 228.66666667]
17:55:23 - __main__ - INFO - delta_b:0.6, delta_g:0.6, p:1, energy:88.55
Circuit 2Q depth: 14, ops: OrderedDict([('ry', 192), ('rz', 128), ('rzz', 125), ('measure', 64), ('barrier', 1)])
[66.         76.66666667 80.66666667 82.         83.33333333] [483.33333333 491.33333333 494.         508.66666667 516.66666667]
[23.33333333 23.33333333 27.33333333 30.         34.        ] [283.33333333 284.66666667 290.         339.33333333 378.        ]
[11.33333333 12.66666667 12.66666667 14.         14.        ] [230.         231.33333333 236.66666667 247.33333333 252.66666667]
[ 8.66666667  8.66666667 10.         11.33333333 11.33333333] [211.33333333 212.66666667 212.66666667 215.33333333 230.        ]
[ 6.          7.33333333  8.66666667 10.         11.33333333] [211.33333333 223.33333333 227.33333333 240.66666667 242.        ]
17:55:31 - __main__ - INFO - delta_b:0.7, delta_g:0.7, p:1, energy:84.09
Circuit 2Q depth: 14, ops: OrderedDict([('ry', 192), ('rz', 128), ('rzz', 125), ('measure', 64), ('barrier', 1)])
[16.66666667 42.         55.33333333 56.66666667 60.66666667] [479.33333333 490.         490.         491.33333333 492.66666667]
[ 7.33333333 11.33333333 14.         14.         14.        ] [250.         251.33333333 259.33333333 259.33333333 324.66666667]
[ 6.          6.          7.33333333  8.66666667 10.        ] [264.66666667 271.33333333 272.66666667 278.         286.        ]
[11.33333333 12.66666667 12.66666667 12.66666667 12.66666667] [240.66666667 242.         242.         243.33333333 255.33333333]
[ 4.66666667 11.33333333 14.         14.         15.33333333] [262.         263.33333333 278.         278.         308.66666667]
17:55:38 - __main__ - INFO - delta_b:0.8, delta_g:0.8, p:1, energy:96.71
Circuit 2Q depth: 14, ops: OrderedDict([('ry', 192), ('rz', 128), ('rzz', 125), ('measure', 64), ('barrier', 1)])
[48.66666667 59.33333333 60.66666667 63.33333333 64.66666667] [467.33333333 484.66666667 494.         566.         572.66666667]
[20.66666667 23.33333333 23.33333333 24.66666667 26.        ] [280.66666667 280.66666667 286.         291.33333333 312.66666667]
[15.33333333 16.66666667 18.         19.33333333 19.33333333] [263.33333333 274.         282.         283.33333333 295.33333333]
[12.66666667 16.66666667 16.66666667 18.         19.33333333] [266.         276.66666667 284.66666667 290.         312.66666667]
[16.66666667 16.66666667 19.33333333 19.33333333 20.66666667] [262.         264.66666667 266.         280.66666667 304.66666667]
17:55:46 - __main__ - INFO - delta_b:0.9, delta_g:0.9, p:1, energy:105.28
Circuit 2Q depth: 14, ops: OrderedDict([('ry', 192), ('rz', 128), ('rzz', 125), ('measure', 64), ('barrier', 1)])
[39.33333333 43.33333333 47.33333333 54.         54.        ] [483.33333333 488.66666667 490.         494.         500.66666667]
[18.         19.33333333 23.33333333 27.33333333 27.33333333] [284.66666667 291.33333333 294.         307.33333333 318.        ]
[15.33333333 18.         18.         22.         22.        ] [255.33333333 264.66666667 286.         287.33333333 298.        ]
[12.66666667 14.         14.         14.         14.        ] [255.33333333 262.         282.         283.33333333 290.        ]
[19.33333333 19.33333333 19.33333333 20.66666667 20.66666667] [274.         276.66666667 279.33333333 290.         291.33333333]
17:55:55 - __main__ - INFO - delta_b:1.0, delta_g:1.0, p:1, energy:102.99
17:55:55 - qubo_qaoa.utils.lr_qaoa - INFO - p = 3. Circuit depth: 45
Circuit 2Q depth: 32, ops: OrderedDict([('ry', 448), ('rz', 384), ('rzz', 375), ('measure', 64), ('barrier', 1)])
[39.33333333 48.66666667 51.33333333 51.33333333 52.66666667] [390.         391.33333333 399.33333333 442.         455.33333333]
[16.66666667 16.66666667 18.         18.         19.33333333] [207.33333333 210.         222.         251.33333333 255.33333333]
[11.33333333 12.66666667 12.66666667 14.         14.        ] [172.66666667 175.33333333 176.66666667 214.         222.        ]
[10.         10.         10.         10.         11.33333333] [171.33333333 174.         179.33333333 182.         290.        ]
[ 8.66666667  8.66666667  8.66666667 10.         10.        ] [164.66666667 167.33333333 171.33333333 191.33333333 204.66666667]
17:56:40 - __main__ - INFO - delta_b:0.1, delta_g:0.1, p:3, energy:58.82
Circuit 2Q depth: 32, ops: OrderedDict([('ry', 448), ('rz', 384), ('rzz', 375), ('measure', 64), ('barrier', 1)])
[19.33333333 20.66666667 22.         26.         26.        ] [222.         228.66666667 236.66666667 238.         262.        ]
[7.33333333 7.33333333 8.66666667 8.66666667 8.66666667] [107.33333333 108.66666667 114.         114.         114.        ]
[6.         7.33333333 7.33333333 7.33333333 7.33333333] [100.66666667 102.         108.66666667 111.33333333 155.33333333]
[4.66666667 4.66666667 6.         6.         6.        ] [108.66666667 112.66666667 112.66666667 112.66666667 127.33333333]
[3.33333333 4.66666667 4.66666667 4.66666667 4.66666667] [115.33333333 115.33333333 120.66666667 122.         136.66666667]
17:57:27 - __main__ - INFO - delta_b:0.2, delta_g:0.2, p:3, energy:32.89
Circuit 2Q depth: 32, ops: OrderedDict([('ry', 448), ('rz', 384), ('rzz', 375), ('measure', 64), ('barrier', 1)])
[10.         14.         16.66666667 18.         18.        ] [120.66666667 123.33333333 128.66666667 128.66666667 128.66666667]
[7.33333333 7.33333333 7.33333333 7.33333333 7.33333333] [68.66666667 68.66666667 71.33333333 74.         74.        ]
[4.66666667 6.         6.         6.         6.        ] [83.33333333 86.         86.         90.         99.33333333]
[3.33333333 4.66666667 4.66666667 4.66666667 4.66666667] [90.         91.33333333 91.33333333 92.66666667 98.        ]
[3.33333333 3.33333333 3.33333333 3.33333333 3.33333333] [84.66666667 86.         90.         91.33333333 91.33333333]
17:58:16 - __main__ - INFO - delta_b:0.3, delta_g:0.3, p:3, energy:25.58
Circuit 2Q depth: 32, ops: OrderedDict([('ry', 448), ('rz', 384), ('rzz', 375), ('measure', 64), ('barrier', 1)])
[16.66666667 16.66666667 16.66666667 16.66666667 16.66666667] [ 91.33333333  92.66666667  94.         107.33333333 108.66666667]
[ 8.66666667 10.         10.         10.         10.        ] [54.         54.         54.         55.33333333 60.66666667]
[7.33333333 8.66666667 8.66666667 8.66666667 8.66666667] [58.         60.66666667 64.66666667 68.66666667 70.        ]
[4.66666667 6.         6.         6.         6.        ] [56.66666667 56.66666667 59.33333333 62.         67.33333333]
[3.33333333 4.66666667 4.66666667 4.66666667 4.66666667] [66.         71.33333333 72.66666667 74.         96.66666667]
17:59:02 - __main__ - INFO - delta_b:0.4, delta_g:0.4, p:3, energy:21.31
Circuit 2Q depth: 32, ops: OrderedDict([('ry', 448), ('rz', 384), ('rzz', 375), ('measure', 64), ('barrier', 1)])
[15.33333333 15.33333333 15.33333333 15.33333333 16.66666667] [198.         200.66666667 204.66666667 211.33333333 220.66666667]
[7.33333333 8.66666667 8.66666667 8.66666667 8.66666667] [67.33333333 67.33333333 68.66666667 74.         82.        ]
[4.66666667 4.66666667 6.         6.         7.33333333] [68.66666667 70.         71.33333333 78.         78.        ]
[4.66666667 4.66666667 4.66666667 4.66666667 4.66666667] [66.         70.         72.66666667 79.33333333 80.66666667]
[2.         3.33333333 3.33333333 3.33333333 3.33333333] [83.33333333 83.33333333 90.         90.         95.33333333]
18:00:05 - __main__ - INFO - delta_b:0.5, delta_g:0.5, p:3, energy:21.7
Circuit 2Q depth: 32, ops: OrderedDict([('ry', 448), ('rz', 384), ('rzz', 375), ('measure', 64), ('barrier', 1)])
[14.         15.33333333 15.33333333 15.33333333 15.33333333] [238.         240.66666667 246.         246.         252.66666667]
[ 8.66666667 10.         10.         10.         10.        ] [75.33333333 78.         78.         80.66666667 83.33333333]
[6.         6.         7.33333333 7.33333333 7.33333333] [ 88.66666667  88.66666667  98.         100.66666667 106.        ]
[4.66666667 4.66666667 4.66666667 4.66666667 4.66666667] [100.66666667 102.         103.33333333 104.66666667 104.66666667]
[0.66666667 2.         2.         3.33333333 3.33333333] [102.         108.66666667 111.33333333 112.66666667 126.        ]
18:00:52 - __main__ - INFO - delta_b:0.6, delta_g:0.6, p:3, energy:30.45
Circuit 2Q depth: 32, ops: OrderedDict([('ry', 448), ('rz', 384), ('rzz', 375), ('measure', 64), ('barrier', 1)])
[12.66666667 14.         15.33333333 15.33333333 15.33333333] [275.33333333 279.33333333 284.66666667 291.33333333 314.        ]
[7.33333333 7.33333333 7.33333333 8.66666667 8.66666667] [ 99.33333333  99.33333333 111.33333333 112.66666667 120.66666667]
[4.66666667 4.66666667 4.66666667 6.         6.        ] [100.66666667 103.33333333 106.         106.         128.66666667]
[2.         3.33333333 3.33333333 3.33333333 3.33333333] [111.33333333 111.33333333 111.33333333 126.         171.33333333]
[2. 2. 2. 2. 2.] [142.         142.         148.66666667 162.         168.66666667]
18:01:38 - __main__ - INFO - delta_b:0.7, delta_g:0.7, p:3, energy:39.08
Circuit 2Q depth: 32, ops: OrderedDict([('ry', 448), ('rz', 384), ('rzz', 375), ('measure', 64), ('barrier', 1)])
[12.66666667 15.33333333 19.33333333 19.33333333 20.66666667] [352.66666667 356.66666667 370.         378.         412.66666667]
[6.         6.         7.33333333 7.33333333 7.33333333] [144.66666667 144.66666667 147.33333333 148.66666667 160.66666667]
[4.66666667 4.66666667 4.66666667 4.66666667 6.        ] [166.         168.66666667 170.         176.66666667 219.33333333]
[3.33333333 3.33333333 3.33333333 4.66666667 4.66666667] [175.33333333 184.66666667 199.33333333 200.66666667 224.66666667]
[3.33333333 3.33333333 3.33333333 3.33333333 4.66666667] [203.33333333 206.         212.66666667 227.33333333 235.33333333]
18:02:24 - __main__ - INFO - delta_b:0.8, delta_g:0.8, p:3, energy:72.55
Circuit 2Q depth: 32, ops: OrderedDict([('ry', 448), ('rz', 384), ('rzz', 375), ('measure', 64), ('barrier', 1)])
[31.33333333 34.         35.33333333 38.         38.        ] [426.         426.         428.66666667 443.33333333 444.66666667]
[ 8.66666667  8.66666667 11.33333333 11.33333333 11.33333333] [207.33333333 214.         216.66666667 218.         226.        ]
[ 6.          7.33333333  8.66666667  8.66666667 10.        ] [207.33333333 214.         219.33333333 234.         236.66666667]
[ 7.33333333 10.         12.66666667 16.66666667 16.66666667] [230.         232.66666667 244.66666667 250.         280.66666667]
[ 8.66666667  8.66666667 12.66666667 15.33333333 19.33333333] [262. 262. 262. 274. 282.]
18:03:19 - __main__ - INFO - delta_b:0.9, delta_g:0.9, p:3, energy:111.65
Circuit 2Q depth: 32, ops: OrderedDict([('ry', 448), ('rz', 384), ('rzz', 375), ('measure', 64), ('barrier', 1)])
[44.66666667 52.66666667 56.66666667 62.         66.        ] [442.         451.33333333 456.66666667 459.33333333 476.66666667]
[15.33333333 16.66666667 18.         19.33333333 19.33333333] [368.66666667 376.66666667 383.33333333 386.         387.33333333]
[22.         27.33333333 28.66666667 32.66666667 32.66666667] [316.66666667 319.33333333 320.66666667 328.66666667 332.66666667]
[26.         28.66666667 28.66666667 28.66666667 30.        ] [312.66666667 312.66666667 319.33333333 319.33333333 342.        ]
[20.66666667 23.33333333 32.66666667 32.66666667 34.        ] [318.         318.         320.66666667 320.66666667 320.66666667]
18:04:06 - __main__ - INFO - delta_b:1.0, delta_g:1.0, p:3, energy:139.43
18:04:06 - qubo_qaoa.utils.lr_qaoa - INFO - p = 5. Circuit depth: 71
Circuit 2Q depth: 50, ops: OrderedDict([('ry', 704), ('rz', 640), ('rzz', 625), ('measure', 64), ('barrier', 1)])
[26.         28.66666667 28.66666667 34.         35.33333333] [276.66666667 278.         288.66666667 290.         295.33333333]
[ 8.66666667 10.         10.         11.33333333 11.33333333] [131.33333333 131.33333333 136.66666667 136.66666667 139.33333333]
[4.66666667 6.         7.33333333 7.33333333 7.33333333] [112.66666667 114.         120.66666667 122.         128.66666667]
[3.33333333 4.66666667 4.66666667 6.         6.        ] [115.33333333 115.33333333 116.66666667 122.         127.33333333]
[3.33333333 4.66666667 4.66666667 6.         6.        ] [116.66666667 116.66666667 118.         118.         118.        ]
18:05:29 - __main__ - INFO - delta_b:0.1, delta_g:0.1, p:5, energy:39.72
Circuit 2Q depth: 50, ops: OrderedDict([('ry', 704), ('rz', 640), ('rzz', 625), ('measure', 64), ('barrier', 1)])
[14.         14.         15.33333333 15.33333333 15.33333333] [ 98.          98.         100.66666667 107.33333333 107.33333333]
[10.         10.         10.         10.         11.33333333] [59.33333333 59.33333333 60.66666667 66.         67.33333333]
[6.         6.         7.33333333 7.33333333 8.66666667] [58.         59.33333333 66.         67.33333333 74.        ]
[6.         7.33333333 7.33333333 7.33333333 7.33333333] [63.33333333 64.66666667 64.66666667 71.33333333 75.33333333]
[4.66666667 4.66666667 4.66666667 4.66666667 6.        ] [68.66666667 70.         71.33333333 78.         82.        ]
18:06:53 - __main__ - INFO - delta_b:0.2, delta_g:0.2, p:5, energy:22.17
Circuit 2Q depth: 50, ops: OrderedDict([('ry', 704), ('rz', 640), ('rzz', 625), ('measure', 64), ('barrier', 1)])
[16.66666667 16.66666667 18.         18.         18.        ] [82.         84.66666667 90.         91.33333333 96.66666667]
[10.         10.         11.33333333 11.33333333 11.33333333] [52.66666667 52.66666667 52.66666667 55.33333333 62.        ]
[7.33333333 7.33333333 7.33333333 7.33333333 7.33333333] [51.33333333 54.         58.         60.66666667 64.66666667]
[6.         6.         6.         6.         7.33333333] [51.33333333 51.33333333 51.33333333 54.         63.33333333]
[3.33333333 3.33333333 3.33333333 3.33333333 3.33333333] [56.66666667 56.66666667 62.         64.66666667 78.        ]
18:08:17 - __main__ - INFO - delta_b:0.3, delta_g:0.3, p:5, energy:16.45
Circuit 2Q depth: 50, ops: OrderedDict([('ry', 704), ('rz', 640), ('rzz', 625), ('measure', 64), ('barrier', 1)])
[12.66666667 12.66666667 12.66666667 14.         14.        ] [79.33333333 79.33333333 80.66666667 82.         90.        ]
[6.         6.         7.33333333 8.66666667 8.66666667] [46.         46.         47.33333333 47.33333333 50.        ]
[4.66666667 4.66666667 4.66666667 4.66666667 6.        ] [51.33333333 52.66666667 58.         60.66666667 78.        ]
[2.         2.         3.33333333 3.33333333 3.33333333] [59.33333333 60.66666667 60.66666667 63.33333333 67.33333333]
[2. 2. 2. 2. 2.] [71.33333333 71.33333333 71.33333333 75.33333333 86.        ]
18:09:41 - __main__ - INFO - delta_b:0.4, delta_g:0.4, p:5, energy:17.64
Circuit 2Q depth: 50, ops: OrderedDict([('ry', 704), ('rz', 640), ('rzz', 625), ('measure', 64), ('barrier', 1)])
[ 7.33333333 10.         10.         10.         10.        ] [67.33333333 67.33333333 68.66666667 68.66666667 75.33333333]
[4.66666667 6.         6.         6.         6.        ] [62.         62.         67.33333333 70.         84.66666667]
[3.33333333 3.33333333 4.66666667 4.66666667 4.66666667] [68.66666667 70.         70.         70.         71.33333333]
[0.66666667 0.66666667 2.         2.         2.        ] [ 90.          90.          92.66666667  94.         103.33333333]
[0.66666667 0.66666667 0.66666667 0.66666667 0.66666667] [ 94.         100.66666667 102.         103.33333333 116.66666667]
18:11:05 - __main__ - INFO - delta_b:0.5, delta_g:0.5, p:5, energy:20.95
Circuit 2Q depth: 50, ops: OrderedDict([('ry', 704), ('rz', 640), ('rzz', 625), ('measure', 64), ('barrier', 1)])
[6.         7.33333333 7.33333333 7.33333333 7.33333333] [66.         68.66666667 71.33333333 82.         83.33333333]
[2.         3.33333333 3.33333333 3.33333333 4.66666667] [78.         80.66666667 82.         86.         96.66666667]
[0.66666667 0.66666667 2.         2.         2.        ] [ 94.          94.          95.33333333  99.33333333 102.        ]
[0.66666667 0.66666667 0.66666667 0.66666667 0.66666667] [128.66666667 130.         131.33333333 136.66666667 148.66666667]
[0.66666667 0.66666667 0.66666667 0.66666667 0.66666667] [120.66666667 120.66666667 124.66666667 128.66666667 128.66666667]
18:12:32 - __main__ - INFO - delta_b:0.6, delta_g:0.6, p:5, energy:40.0
Circuit 2Q depth: 50, ops: OrderedDict([('ry', 704), ('rz', 640), ('rzz', 625), ('measure', 64), ('barrier', 1)])
[4.66666667 4.66666667 6.         6.         6.        ] [71.33333333 71.33333333 76.66666667 82.         98.        ]
[0.66666667 0.66666667 2.         2.         2.        ] [ 91.33333333  94.          99.33333333 103.33333333 106.        ]
[0.66666667 0.66666667 0.66666667 0.66666667 0.66666667] [128.66666667 130.         135.33333333 135.33333333 144.66666667]
[0.66666667 0.66666667 0.66666667 0.66666667 0.66666667] [170.         172.66666667 174.         196.66666667 211.33333333]
[0.66666667 0.66666667 0.66666667 0.66666667 0.66666667] [190.         190.         195.33333333 196.66666667 202.        ]
18:13:57 - __main__ - INFO - delta_b:0.7, delta_g:0.7, p:5, energy:70.63
Circuit 2Q depth: 50, ops: OrderedDict([('ry', 704), ('rz', 640), ('rzz', 625), ('measure', 64), ('barrier', 1)])
[4.66666667 4.66666667 6.         6.         7.33333333] [ 98.         100.66666667 104.66666667 107.33333333 139.33333333]
[0.66666667 0.66666667 0.66666667 0.66666667 0.66666667] [123.33333333 124.66666667 124.66666667 131.33333333 139.33333333]
[0.66666667 0.66666667 0.66666667 0.66666667 0.66666667] [159.33333333 159.33333333 171.33333333 174.         199.33333333]
[0.66666667 0.66666667 0.66666667 0.66666667 0.66666667] [179.33333333 180.66666667 182.         196.66666667 216.66666667]
[0.66666667 0.66666667 0.66666667 0.66666667 0.66666667] [192.66666667 195.33333333 198.         232.66666667 248.66666667]
18:15:21 - __main__ - INFO - delta_b:0.8, delta_g:0.8, p:5, energy:77.61
Circuit 2Q depth: 50, ops: OrderedDict([('ry', 704), ('rz', 640), ('rzz', 625), ('measure', 64), ('barrier', 1)])
[ 8.66666667 10.         11.33333333 11.33333333 12.66666667] [191.33333333 196.66666667 203.33333333 208.66666667 211.33333333]
[0.66666667 0.66666667 2.         2.         2.        ] [242.         244.66666667 247.33333333 254.         266.        ]
[0.66666667 0.66666667 0.66666667 0.66666667 0.66666667] [239.33333333 248.66666667 250.         258.         259.33333333]
[0.66666667 2.         6.         6.         7.33333333] [243.33333333 247.33333333 247.33333333 250.         355.33333333]
[0.66666667 3.33333333 3.33333333 4.66666667 6.        ] [252.66666667 255.33333333 256.66666667 256.66666667 258.        ]
18:16:46 - __main__ - INFO - delta_b:0.9, delta_g:0.9, p:5, energy:102.78
Circuit 2Q depth: 50, ops: OrderedDict([('ry', 704), ('rz', 640), ('rzz', 625), ('measure', 64), ('barrier', 1)])
[ 88.66666667 108.66666667 114.         120.66666667 123.33333333] [470.         472.66666667 499.33333333 516.66666667 527.33333333]
[15.33333333 16.66666667 18.         19.33333333 19.33333333] [248.66666667 256.66666667 256.66666667 259.33333333 274.        ]
[10.         14.         22.         23.33333333 24.66666667] [248.66666667 250.         251.33333333 259.33333333 264.66666667]
[23.33333333 32.66666667 38.         42.         43.33333333] [298.         300.66666667 319.33333333 347.33333333 351.33333333]
[32.66666667 36.66666667 39.33333333 44.66666667 44.66666667] [288.66666667 291.33333333 311.33333333 312.66666667 318.        ]
18:18:10 - __main__ - INFO - delta_b:1.0, delta_g:1.0, p:5, energy:150.22
