3.24/3.40	c
3.24/3.40	c NuWLS-c is based on TT-Open-WBO-Inc:	 an Anytime MaxSAT Solver --- based on Glucose4.1 (core version)
3.24/3.40	c Version:	 MaxSAT Evaluation 2021
3.24/3.40	c Author of TT-Open-WBO-Inc:	 Alexander Nadel
3.24/3.40	c Authors of the baseline solver Open-WBO-Inc:	 Saurabh Joshi, Prateek Kumar, Ruben Martins, Sukrut Rao
3.24/3.40	c WARNING: for repeatability, setting FPU to use double precision
3.24/3.40	c |                                                                                                       |
3.24/3.40	c ========================================[ Problem Statistics ]===========================================
3.24/3.40	c |                                                                                                       |
3.24/3.40	c |  Problem Format:             MaxSAT                                                                   |
3.24/3.40	c |  Problem Type:           Unweighted                                                                   |
3.24/3.40	c |  Number of variables:           189                                                                   |
3.24/3.40	c |  Number of hard clauses:       2655                                                                   |
3.24/3.40	c |  Number of soft clauses:    4102917                                                                   |
3.24/3.40	c |  Number of cardinality:           0                                                                   |
3.24/3.40	c |  Number of PB :                   0                                                                   |
3.24/3.40	c |  Parse time:                   0.57 s                                                                 |
3.24/3.40	c |                                                                                                       |
3.24/3.40	c | best-alg-selector overriden target_vars_bump_val to 0, since it hadn't been set by the user |
3.24/3.40	c | best-alg-selector overriden ms_model_per_sec_thr to 2, since it hadn't been set by the user |
3.24/3.40	c | best-alg-selector overriden ms_mutation_classes to 0, since it hadn't been set by the user |
3.24/3.40	c | best-alg-selector overriden ms_chrono to 100, since it hadn't been set by the user |
3.24/3.40	c ==========================================[ Solver Settings ]============================================
3.24/3.41	c |                                                                                                       |
3.24/3.41	c |  Algorithm:                     OBV                                                                   |
3.24/3.41	c |  Cardinality Encoding:       Modulo Totalizer                                                         |
3.24/3.41	c |  Limit number conflicts:       1000                                                                   |
3.24/3.41	c |  Limit number iterations: 2147483647                                                                   |
3.24/3.41	c |  Global limit number conflicts:   F                                                                   |
3.24/3.41	c |                                                                                                       |
3.24/3.41	c Mrs. Beaver incomplete stage
3.24/3.41	o 13
3.54/3.98	c before build neighbor
3.54/3.98	c build instime is 0.2
3.54/3.98	c using neighbor 
4.35/4.52	c build NuWLS instance done!
4.35/4.52	c changing to NuWLS solver!!
4.35/4.52	c problem weighted = 0
4.55/4.71	o 9
4.64/4.80	o 8
48.30/48.71	c NuWLS search done!
48.30/48.75	o 8
59.91/60.30	c Predicted size is 57440838 vs. the size-based limit 1000000
59.91/60.30	c Predicted size is 57440838 vs. the size-based limit 1000000
59.91/60.30	c Predicted size is 57440838 vs. the size-based limit 1000000
59.91/60.30	c Iteration #1
59.91/60.30	c Predicted size is 57440838 vs. the size-based limit 1000000
59.91/60.30	c Iteration #2
59.91/60.30	c Predicted size is 57440838 vs. the size-based limit 1000000
59.91/60.30	c Iteration #3
59.91/60.30	s SATISFIABLE
59.91/60.30	o 8
59.91/60.30	v 001000000000000000000000000001000000000000000000000000000000010000000000000001000000000000000000000000100000000000000000010000000000000100000000000000000010000000000000000000000000000000001
