0.00/0.06	c
0.00/0.06	c NuWLS-c is based on TT-Open-WBO-Inc:	 an Anytime MaxSAT Solver --- based on Glucose4.1 (core version)
0.00/0.06	c Version:	 MaxSAT Evaluation 2021
0.00/0.06	c Author of TT-Open-WBO-Inc:	 Alexander Nadel
0.00/0.06	c Authors of the baseline solver Open-WBO-Inc:	 Saurabh Joshi, Prateek Kumar, Ruben Martins, Sukrut Rao
0.00/0.06	c WARNING: for repeatability, setting FPU to use double precision
0.00/0.06	c |                                                                                                       |
0.00/0.06	c ========================================[ Problem Statistics ]===========================================
0.00/0.06	c |                                                                                                       |
0.00/0.06	c |  Problem Format:             MaxSAT                                                                   |
0.00/0.06	c |  Problem Type:           Unweighted                                                                   |
0.00/0.06	c |  Number of variables:           315                                                                   |
0.00/0.06	c |  Number of hard clauses:       6624                                                                   |
0.00/0.06	c |  Number of soft clauses:      86205                                                                   |
0.00/0.06	c |  Number of cardinality:           0                                                                   |
0.00/0.06	c |  Number of PB :                   0                                                                   |
0.00/0.06	c |  Parse time:                   0.01 s                                                                 |
0.00/0.06	c |                                                                                                       |
0.00/0.06	c | best-alg-selector overriden target_vars_bump_val to 0, since it hadn't been set by the user |
0.00/0.06	c | best-alg-selector overriden ms_model_per_sec_thr to 2, since it hadn't been set by the user |
0.00/0.06	c | best-alg-selector overriden ms_mutation_classes to 0, since it hadn't been set by the user |
0.00/0.06	c | best-alg-selector overriden ms_chrono to 100, since it hadn't been set by the user |
0.00/0.06	c ==========================================[ Solver Settings ]============================================
0.00/0.06	c |                                                                                                       |
0.00/0.06	c |  Algorithm:                     OBV                                                                   |
0.00/0.06	c |  Cardinality Encoding:       Modulo Totalizer                                                         |
0.00/0.06	c |  Limit number conflicts:       1000                                                                   |
0.00/0.06	c |  Limit number iterations: 2147483647                                                                   |
0.00/0.06	c |  Global limit number conflicts:   F                                                                   |
0.00/0.06	c |                                                                                                       |
0.00/0.06	c Mrs. Beaver incomplete stage
0.00/0.06	o 6
0.00/0.07	c before build neighbor
0.00/0.07	c build instime is 0
0.00/0.07	c using neighbor 
0.00/0.08	c build NuWLS instance done!
0.00/0.08	c changing to NuWLS solver!!
0.00/0.08	c problem weighted = 0
0.00/0.08	o 5
0.00/0.08	o 4
0.00/0.08	o 3
0.00/0.09	o 2
5.20/5.24	s SATISFIABLE
5.20/5.24	o 2
5.20/5.24	v 000000000100000000000000000000000000000000000000000000000001000000000000000000000000000000100000000000000010000000000000000000000000000000000000000100000000000000000000000000000000000000000000000000100000000000000000000000000000000000000010000000000000000000000000000000010000000000000000100000000000000000000000000
